tsv gwiq 200000 1000000 fs /tmp sample.json
-------------------------------------------
total time :
4.508 s

persistence took :
FS /tmp/data -> 0.176 s

data stored :
FS /tmp/data -> 999999.tsv 800000.tsv 600000.tsv 400000.tsv 200000.tsv

data size in MB :
FS /tmp/data -> 161.10

2015-01-01T00:00:00.000 ae6efa05-cc49-3a5c-8ee6-8a9f1b19560e    bel     large   0.1889496018983281      true    0.132036761757814       0.06703317473864626     -0.01602167111213617    0.86
2015-01-01T00:00:00.001 3ef09072-b312-3a80-8432-f6e0b188bd21    bra     medium  -0.07476050135776416    true    -0.01602167111213617    0.06265073869688581     0.06703317473864626     0.50
2015-01-01T00:00:00.002 c027a095-f663-3553-b8f4-5a0ce00fd45d    bra     medium  0.12140355167112293     true    0.4857839783106719      0.19077364194348953     0.19077364194348953     0.05
2015-01-01T00:00:00.003 1be1ff21-8672-3bae-a337-a9b1d68cae31    nzl     medium  0.1792649766044975      true    0.0858648920504739      -0.018991521076925637   0.06703317473864626     0.47
2015-01-01T00:00:00.004 0fd79996-a2d6-31c6-a0f2-bff37375ae2e    bra     small   0.040031438375821266    true    0.132036761757814       0.4857839783106719      0.132036761757814       0.28
2015-01-01T00:00:00.005 f7995c4d-f4d7-3390-8fcb-6b05de0504df    nzl     medium  -0.03456015187367364    true    0.4857839783106719      0.06703317473864626     0.19077364194348953     0.80
2015-01-01T00:00:00.006 e5f8c36d-c769-3281-8d86-0456fb03e370    bra     medium  0.2883246272537637      true    -0.031585785523006046   0.4857839783106719      0.132036761757814       0.77
2015-01-01T00:00:00.007 a6ed8c50-aedf-30c4-8855-b4897ca6f18c    nzl     medium  0.3044451014463087      true    0.07100577917535603     -0.01602167111213617    0.06703317473864626     0.16
2015-01-01T00:00:00.008 0febd888-4d40-38ef-8f49-4a74d24b63a3    bel     medium  0.16153073543705235     true    0.06703317473864626     0.06265073869688581     -0.018991521076925637   0.56
2015-01-01T00:00:00.009 2059f157-c96f-3dee-8179-181132e852dd    bel     micro   0.1848399917451632      true    -0.01602167111213617    0.06703317473864626     0.06265073869688581     0.70